# JRE version: OpenJDK Runtime Environment (17.0.10) (build 17.0.10+0--11572160)
# Java VM: OpenJDK 64-Bit Server VM (17.0.10+0--11572160, mixed mode, tiered, compressed oops, compressed class ptrs, g1 gc, windows-amd64)
GC Precious Log:
 CPUs: 8 total, 8 available
 Memory: 8023M
 Large Page Support: Disabled
 NUMA Support: Disabled
 Compressed Oops: Enabled (32-bit)
 Heap Region Size: 1M
 Heap Min Capacity: 8M
 Heap Initial Capacity: 126M
 Heap Max Capacity: 2006M
 Pre-touch: Disabled
 Parallel Workers: 8
 Concurrent Workers: 2
 Concurrent Refinement Workers: 8
 Periodic GC: Disabled
Heap:
 garbage-first heap   total 68608K, used 49982K [0x0000000082a00000, 0x0000000100000000)
  region size 1024K, 24 young (24576K), 2 survivors (2048K)
 Metaspace       used 51056K, committed 51328K, reserved 1114112K
  class space    used 6165K, committed 6272K, reserved 1048576K
GC Heap History (20 events):
Event: 1.000 GC heap before
{Heap before GC invocations=0 (full 0):
 garbage-first heap   total 129024K, used 27648K [0x0000000082a00000, 0x0000000100000000)
  region size 1024K, 23 young (23552K), 0 survivors (0K)
 Metaspace       used 13381K, committed 13504K, reserved 1114112K
  class space    used 1290K, committed 1344K, reserved 1048576K
}
Event: 1.003 GC heap after
{Heap after GC invocations=1 (full 0):
 garbage-first heap   total 129024K, used 6835K [0x0000000082a00000, 0x0000000100000000)
  region size 1024K, 3 young (3072K), 3 survivors (3072K)
 Metaspace       used 13381K, committed 13504K, reserved 1114112K
  class space    used 1290K, committed 1344K, reserved 1048576K
}
Event: 1.738 GC heap before
{Heap before GC invocations=1 (full 0):
 garbage-first heap   total 129024K, used 38579K [0x0000000082a00000, 0x0000000100000000)
  region size 1024K, 35 young (35840K), 3 survivors (3072K)
 Metaspace       used 21366K, committed 21504K, reserved 1114112K
  class space    used 2325K, committed 2432K, reserved 1048576K
}
Event: 1.744 GC heap after
{Heap after GC invocations=2 (full 0):
 garbage-first heap   total 129024K, used 10326K [0x0000000082a00000, 0x0000000100000000)
  region size 1024K, 4 young (4096K), 4 survivors (4096K)
 Metaspace       used 21366K, committed 21504K, reserved 1114112K
  class space    used 2325K, committed 2432K, reserved 1048576K
}
Event: 2.105 GC heap before
{Heap before GC invocations=3 (full 0):
 garbage-first heap   total 40960K, used 30806K [0x0000000082a00000, 0x0000000100000000)
  region size 1024K, 24 young (24576K), 4 survivors (4096K)
 Metaspace       used 28084K, committed 28224K, reserved 1114112K
  class space    used 3461K, committed 3520K, reserved 1048576K
}
Event: 2.112 GC heap after
{Heap after GC invocations=4 (full 0):
 garbage-first heap   total 40960K, used 11395K [0x0000000082a00000, 0x0000000100000000)
  region size 1024K, 2 young (2048K), 2 survivors (2048K)
 Metaspace       used 28084K, committed 28224K, reserved 1114112K
  class space    used 3461K, committed 3520K, reserved 1048576K
}
Event: 2.132 GC heap before
{Heap before GC invocations=4 (full 0):
 garbage-first heap   total 40960K, used 12419K [0x0000000082a00000, 0x0000000100000000)
  region size 1024K, 3 young (3072K), 2 survivors (2048K)
 Metaspace       used 28425K, committed 28544K, reserved 1114112K
  class space    used 3520K, committed 3584K, reserved 1048576K
}
Event: 2.136 GC heap after
{Heap after GC invocations=5 (full 0):
 garbage-first heap   total 40960K, used 11564K [0x0000000082a00000, 0x0000000100000000)
  region size 1024K, 1 young (1024K), 1 survivors (1024K)
 Metaspace       used 28425K, committed 28544K, reserved 1114112K
  class space    used 3520K, committed 3584K, reserved 1048576K
}
Event: 2.420 GC heap before
{Heap before GC invocations=5 (full 0):
 garbage-first heap   total 40960K, used 33068K [0x0000000082a00000, 0x0000000100000000)
  region size 1024K, 20 young (20480K), 1 survivors (1024K)
 Metaspace       used 30662K, committed 30848K, reserved 1114112K
  class space    used 3955K, committed 4032K, reserved 1048576K
}
Event: 2.431 GC heap after
{Heap after GC invocations=6 (full 0):
 garbage-first heap   total 40960K, used 17759K [0x0000000082a00000, 0x0000000100000000)
  region size 1024K, 3 young (3072K), 3 survivors (3072K)
 Metaspace       used 30662K, committed 30848K, reserved 1114112K
  class space    used 3955K, committed 4032K, reserved 1048576K
}
Event: 2.651 GC heap before
{Heap before GC invocations=6 (full 0):
 garbage-first heap   total 40960K, used 30047K [0x0000000082a00000, 0x0000000100000000)
  region size 1024K, 16 young (16384K), 3 survivors (3072K)
 Metaspace       used 33954K, committed 34240K, reserved 1114112K
  class space    used 4322K, committed 4480K, reserved 1048576K
}
Event: 2.656 GC heap after
{Heap after GC invocations=7 (full 0):
 garbage-first heap   total 40960K, used 17148K [0x0000000082a00000, 0x0000000100000000)
  region size 1024K, 2 young (2048K), 2 survivors (2048K)
 Metaspace       used 33954K, committed 34240K, reserved 1114112K
  class space    used 4322K, committed 4480K, reserved 1048576K
}
Event: 2.798 GC heap before
{Heap before GC invocations=7 (full 0):
 garbage-first heap   total 40960K, used 26364K [0x0000000082a00000, 0x0000000100000000)
  region size 1024K, 12 young (12288K), 2 survivors (2048K)
 Metaspace       used 35889K, committed 36096K, reserved 1114112K
  class space    used 4534K, committed 4672K, reserved 1048576K
}
Event: 2.804 GC heap after
{Heap after GC invocations=8 (full 0):
 garbage-first heap   total 70656K, used 18437K [0x0000000082a00000, 0x0000000100000000)
  region size 1024K, 2 young (2048K), 2 survivors (2048K)
 Metaspace       used 35889K, committed 36096K, reserved 1114112K
  class space    used 4534K, committed 4672K, reserved 1048576K
}
Event: 3.572 GC heap before
{Heap before GC invocations=9 (full 0):
 garbage-first heap   total 68608K, used 51205K [0x0000000082a00000, 0x0000000100000000)
  region size 1024K, 34 young (34816K), 2 survivors (2048K)
 Metaspace       used 43331K, committed 43520K, reserved 1114112K
  class space    used 5273K, committed 5376K, reserved 1048576K
}
Event: 3.581 GC heap after
{Heap after GC invocations=10 (full 0):
 garbage-first heap   total 68608K, used 20933K [0x0000000082a00000, 0x0000000100000000)
  region size 1024K, 4 young (4096K), 4 survivors (4096K)
 Metaspace       used 43331K, committed 43520K, reserved 1114112K
  class space    used 5273K, committed 5376K, reserved 1048576K
}
Event: 4.203 GC heap before
{Heap before GC invocations=10 (full 0):
 garbage-first heap   total 68608K, used 53701K [0x0000000082a00000, 0x0000000100000000)
  region size 1024K, 33 young (33792K), 4 survivors (4096K)
 Metaspace       used 47257K, committed 47424K, reserved 1114112K
  class space    used 5726K, committed 5824K, reserved 1048576K
}
Event: 4.219 GC heap after
{Heap after GC invocations=11 (full 0):
 garbage-first heap   total 68608K, used 27949K [0x0000000082a00000, 0x0000000100000000)
  region size 1024K, 5 young (5120K), 5 survivors (5120K)
 Metaspace       used 47257K, committed 47424K, reserved 1114112K
  class space    used 5726K, committed 5824K, reserved 1048576K
}
Event: 4.471 GC heap before
{Heap before GC invocations=11 (full 0):
 garbage-first heap   total 68608K, used 50477K [0x0000000082a00000, 0x0000000100000000)
  region size 1024K, 27 young (27648K), 5 survivors (5120K)
 Metaspace       used 48039K, committed 48256K, reserved 1114112K
  class space    used 5812K, committed 5888K, reserved 1048576K
}
Event: 4.482 GC heap after
{Heap after GC invocations=12 (full 0):
 garbage-first heap   total 68608K, used 29502K [0x0000000082a00000, 0x0000000100000000)
  region size 1024K, 2 young (2048K), 2 survivors (2048K)
 Metaspace       used 48039K, committed 48256K, reserved 1114112K
  class space    used 5812K, committed 5888K, reserved 1048576K
}

